# JRE version: Java(TM) SE Runtime Environment (8.0_281-b09) (build 1.8.0_281-b09)
# Java VM: Java HotSpot(TM) 64-Bit Server VM (25.281-b09 mixed mode windows-amd64 compressed oops)
Heap:
 PSYoungGen      total 418816K, used 233778K [0x00000000d6e00000, 0x00000000f2700000, 0x0000000100000000)
  eden space 386560K, 55% used [0x00000000d6e00000,0x00000000e3db2910,0x00000000ee780000)
  from space 32256K, 65% used [0x00000000ee780000,0x00000000efc1a0c8,0x00000000f0700000)
  to   space 31744K, 0% used [0x00000000f0700000,0x00000000f0700000,0x00000000f2600000)
 ParOldGen       total 112640K, used 40142K [0x0000000084a00000, 0x000000008b800000, 0x00000000d6e00000)
  object space 112640K, 35% used [0x0000000084a00000,0x0000000087133bc0,0x000000008b800000)
 Metaspace       used 25264K, capacity 25518K, committed 25984K, reserved 1071104K
  class space    used 3838K, capacity 3915K, committed 3968K, reserved 1048576K
GC Heap History (10 events):
Event: 7.871 GC heap before
{Heap before GC invocations=13 (full 0):
 PSYoungGen      total 418304K, used 418286K [0x00000000d6e00000, 0x00000000f2700000, 0x0000000100000000)
  eden space 386560K, 100% used [0x00000000d6e00000,0x00000000ee780000,0x00000000ee780000)
  from space 31744K, 99% used [0x00000000f0700000,0x00000000f25fb818,0x00000000f2600000)
  to   space 32256K, 0% used [0x00000000ee780000,0x00000000ee780000,0x00000000f0700000)
 ParOldGen       total 84992K, used 58124K [0x0000000084a00000, 0x0000000089d00000, 0x00000000d6e00000)
  object space 84992K, 68% used [0x0000000084a00000,0x00000000882c3030,0x0000000089d00000)
 Metaspace       used 20616K, capacity 20910K, committed 21120K, reserved 1067008K
  class space    used 3310K, capacity 3409K, committed 3456K, reserved 1048576K
Event: 8.031 GC heap after
Heap after GC invocations=13 (full 0):
 PSYoungGen      total 418816K, used 32252K [0x00000000d6e00000, 0x00000000f2700000, 0x0000000100000000)
  eden space 386560K, 0% used [0x00000000d6e00000,0x00000000d6e00000,0x00000000ee780000)
  from space 32256K, 99% used [0x00000000ee780000,0x00000000f06ff350,0x00000000f0700000)
  to   space 31744K, 0% used [0x00000000f0700000,0x00000000f0700000,0x00000000f2600000)
 ParOldGen       total 84992K, used 63729K [0x0000000084a00000, 0x0000000089d00000, 0x00000000d6e00000)
  object space 84992K, 74% used [0x0000000084a00000,0x000000008883c6e8,0x0000000089d00000)
 Metaspace       used 20616K, capacity 20910K, committed 21120K, reserved 1067008K
  class space    used 3310K, capacity 3409K, committed 3456K, reserved 1048576K
}
Event: 9.104 GC heap before
{Heap before GC invocations=14 (full 0):
 PSYoungGen      total 418816K, used 418812K [0x00000000d6e00000, 0x00000000f2700000, 0x0000000100000000)
  eden space 386560K, 100% used [0x00000000d6e00000,0x00000000ee780000,0x00000000ee780000)
  from space 32256K, 99% used [0x00000000ee780000,0x00000000f06ff350,0x00000000f0700000)
  to   space 31744K, 0% used [0x00000000f0700000,0x00000000f0700000,0x00000000f2600000)
 ParOldGen       total 84992K, used 63729K [0x0000000084a00000, 0x0000000089d00000, 0x00000000d6e00000)
  object space 84992K, 74% used [0x0000000084a00000,0x000000008883c6e8,0x0000000089d00000)
 Metaspace       used 20632K, capacity 20910K, committed 21120K, reserved 1067008K
  class space    used 3310K, capacity 3409K, committed 3456K, reserved 1048576K
Event: 9.765 GC heap after
Heap after GC invocations=14 (full 0):
 PSYoungGen      total 418304K, used 31740K [0x00000000d6e00000, 0x00000000f2700000, 0x0000000100000000)
  eden space 386560K, 0% used [0x00000000d6e00000,0x00000000d6e00000,0x00000000ee780000)
  from space 31744K, 99% used [0x00000000f0700000,0x00000000f25ff208,0x00000000f2600000)
  to   space 32256K, 0% used [0x00000000ee780000,0x00000000ee780000,0x00000000f0700000)
 ParOldGen       total 91648K, used 91181K [0x0000000084a00000, 0x000000008a380000, 0x00000000d6e00000)
  object space 91648K, 99% used [0x0000000084a00000,0x000000008a30b408,0x000000008a380000)
 Metaspace       used 20632K, capacity 20910K, committed 21120K, reserved 1067008K
  class space    used 3310K, capacity 3409K, committed 3456K, reserved 1048576K
}
Event: 9.766 GC heap before
{Heap before GC invocations=15 (full 1):
 PSYoungGen      total 418304K, used 31740K [0x00000000d6e00000, 0x00000000f2700000, 0x0000000100000000)
  eden space 386560K, 0% used [0x00000000d6e00000,0x00000000d6e00000,0x00000000ee780000)
  from space 31744K, 99% used [0x00000000f0700000,0x00000000f25ff208,0x00000000f2600000)
  to   space 32256K, 0% used [0x00000000ee780000,0x00000000ee780000,0x00000000f0700000)
 ParOldGen       total 91648K, used 91181K [0x0000000084a00000, 0x000000008a380000, 0x00000000d6e00000)
  object space 91648K, 99% used [0x0000000084a00000,0x000000008a30b408,0x000000008a380000)
 Metaspace       used 20632K, capacity 20910K, committed 21120K, reserved 1067008K
  class space    used 3310K, capacity 3409K, committed 3456K, reserved 1048576K
Event: 10.023 GC heap after
Heap after GC invocations=15 (full 1):
 PSYoungGen      total 418304K, used 0K [0x00000000d6e00000, 0x00000000f2700000, 0x0000000100000000)
  eden space 386560K, 0% used [0x00000000d6e00000,0x00000000d6e00000,0x00000000ee780000)
  from space 31744K, 0% used [0x00000000f0700000,0x00000000f0700000,0x00000000f2600000)
  to   space 32256K, 0% used [0x00000000ee780000,0x00000000ee780000,0x00000000f0700000)
 ParOldGen       total 91648K, used 73115K [0x0000000084a00000, 0x000000008a380000, 0x00000000d6e00000)
  object space 91648K, 79% used [0x0000000084a00000,0x0000000089166f30,0x000000008a380000)
 Metaspace       used 20632K, capacity 20910K, committed 21120K, reserved 1067008K
  class space    used 3310K, capacity 3409K, committed 3456K, reserved 1048576K
}
Event: 11.033 GC heap before
{Heap before GC invocations=16 (full 2):
 PSYoungGen      total 418304K, used 386560K [0x00000000d6e00000, 0x00000000f2700000, 0x0000000100000000)
  eden space 386560K, 100% used [0x00000000d6e00000,0x00000000ee780000,0x00000000ee780000)
  from space 31744K, 0% used [0x00000000f0700000,0x00000000f0700000,0x00000000f2600000)
  to   space 32256K, 0% used [0x00000000ee780000,0x00000000ee780000,0x00000000f0700000)
 ParOldGen       total 91648K, used 73115K [0x0000000084a00000, 0x000000008a380000, 0x00000000d6e00000)
  object space 91648K, 79% used [0x0000000084a00000,0x0000000089166f30,0x000000008a380000)
 Metaspace       used 20632K, capacity 20910K, committed 21120K, reserved 1067008K
  class space    used 3310K, capacity 3409K, committed 3456K, reserved 1048576K
Event: 11.176 GC heap after
Heap after GC invocations=16 (full 2):
 PSYoungGen      total 418304K, used 0K [0x00000000d6e00000, 0x00000000f2700000, 0x0000000100000000)
  eden space 386560K, 0% used [0x00000000d6e00000,0x00000000d6e00000,0x00000000ee780000)
  from space 31744K, 0% used [0x00000000f0700000,0x00000000f0700000,0x00000000f2600000)
  to   space 32256K, 0% used [0x00000000ee780000,0x00000000ee780000,0x00000000f0700000)
 ParOldGen       total 112640K, used 40142K [0x0000000084a00000, 0x000000008b800000, 0x00000000d6e00000)
  object space 112640K, 35% used [0x0000000084a00000,0x0000000087133bc0,0x000000008b800000)
 Metaspace       used 20632K, capacity 20910K, committed 21120K, reserved 1067008K
  class space    used 3310K, capacity 3409K, committed 3456K, reserved 1048576K
}
Event: 11.593 GC heap before
{Heap before GC invocations=17 (full 2):
 PSYoungGen      total 418304K, used 386560K [0x00000000d6e00000, 0x00000000f2700000, 0x0000000100000000)
  eden space 386560K, 100% used [0x00000000d6e00000,0x00000000ee780000,0x00000000ee780000)
  from space 31744K, 0% used [0x00000000f0700000,0x00000000f0700000,0x00000000f2600000)
  to   space 32256K, 0% used [0x00000000ee780000,0x00000000ee780000,0x00000000f0700000)
 ParOldGen       total 112640K, used 40142K [0x0000000084a00000, 0x000000008b800000, 0x00000000d6e00000)
  object space 112640K, 35% used [0x0000000084a00000,0x0000000087133bc0,0x000000008b800000)
 Metaspace       used 20632K, capacity 20910K, committed 21120K, reserved 1067008K
  class space    used 3310K, capacity 3409K, committed 3456K, reserved 1048576K
Event: 11.628 GC heap after
Heap after GC invocations=17 (full 2):
 PSYoungGen      total 418816K, used 21096K [0x00000000d6e00000, 0x00000000f2700000, 0x0000000100000000)
  eden space 386560K, 0% used [0x00000000d6e00000,0x00000000d6e00000,0x00000000ee780000)
  from space 32256K, 65% used [0x00000000ee780000,0x00000000efc1a0c8,0x00000000f0700000)
  to   space 31744K, 0% used [0x00000000f0700000,0x00000000f0700000,0x00000000f2600000)
 ParOldGen       total 112640K, used 40142K [0x0000000084a00000, 0x000000008b800000, 0x00000000d6e00000)
  object space 112640K, 35% used [0x0000000084a00000,0x0000000087133bc0,0x000000008b800000)
 Metaspace       used 20632K, capacity 20910K, committed 21120K, reserved 1067008K
  class space    used 3310K, capacity 3409K, committed 3456K, reserved 1048576K
}

