# JRE version: Java(TM) SE Runtime Environment (8.0_281-b09) (build 1.8.0_281-b09)
# Java VM: Java HotSpot(TM) 64-Bit Server VM (25.281-b09 mixed mode windows-amd64 compressed oops)
Heap:
 PSYoungGen      total 418816K, used 236969K [0x00000000d6e00000, 0x00000000f2700000, 0x0000000100000000)
  eden space 386560K, 55% used [0x00000000d6e00000,0x00000000e40b74d8,0x00000000ee780000)
  from space 32256K, 65% used [0x00000000ee780000,0x00000000efc33110,0x00000000f0700000)
  to   space 31744K, 0% used [0x00000000f0700000,0x00000000f0700000,0x00000000f2600000)
 ParOldGen       total 118784K, used 40126K [0x0000000084a00000, 0x000000008be00000, 0x00000000d6e00000)
  object space 118784K, 33% used [0x0000000084a00000,0x000000008712f8e8,0x000000008be00000)
 Metaspace       used 26527K, capacity 27096K, committed 27264K, reserved 1073152K
  class space    used 4050K, capacity 4186K, committed 4224K, reserved 1048576K
GC Heap History (10 events):
Event: 7.313 GC heap before
{Heap before GC invocations=13 (full 0):
 PSYoungGen      total 418304K, used 418273K [0x00000000d6e00000, 0x00000000f2700000, 0x0000000100000000)
  eden space 386560K, 100% used [0x00000000d6e00000,0x00000000ee780000,0x00000000ee780000)
  from space 31744K, 99% used [0x00000000f0700000,0x00000000f25f8468,0x00000000f2600000)
  to   space 32256K, 0% used [0x00000000ee780000,0x00000000ee780000,0x00000000f0700000)
 ParOldGen       total 84992K, used 57988K [0x0000000084a00000, 0x0000000089d00000, 0x00000000d6e00000)
  object space 84992K, 68% used [0x0000000084a00000,0x00000000882a1028,0x0000000089d00000)
 Metaspace       used 20628K, capacity 20910K, committed 21120K, reserved 1067008K
  class space    used 3310K, capacity 3409K, committed 3456K, reserved 1048576K
Event: 7.376 GC heap after
Heap after GC invocations=13 (full 0):
 PSYoungGen      total 418816K, used 32227K [0x00000000d6e00000, 0x00000000f2700000, 0x0000000100000000)
  eden space 386560K, 0% used [0x00000000d6e00000,0x00000000d6e00000,0x00000000ee780000)
  from space 32256K, 99% used [0x00000000ee780000,0x00000000f06f8cb0,0x00000000f0700000)
  to   space 31744K, 0% used [0x00000000f0700000,0x00000000f0700000,0x00000000f2600000)
 ParOldGen       total 84992K, used 63620K [0x0000000084a00000, 0x0000000089d00000, 0x00000000d6e00000)
  object space 84992K, 74% used [0x0000000084a00000,0x0000000088821148,0x0000000089d00000)
 Metaspace       used 20628K, capacity 20910K, committed 21120K, reserved 1067008K
  class space    used 3310K, capacity 3409K, committed 3456K, reserved 1048576K
}
Event: 8.568 GC heap before
{Heap before GC invocations=14 (full 0):
 PSYoungGen      total 418816K, used 418787K [0x00000000d6e00000, 0x00000000f2700000, 0x0000000100000000)
  eden space 386560K, 100% used [0x00000000d6e00000,0x00000000ee780000,0x00000000ee780000)
  from space 32256K, 99% used [0x00000000ee780000,0x00000000f06f8cb0,0x00000000f0700000)
  to   space 31744K, 0% used [0x00000000f0700000,0x00000000f0700000,0x00000000f2600000)
 ParOldGen       total 84992K, used 63620K [0x0000000084a00000, 0x0000000089d00000, 0x00000000d6e00000)
  object space 84992K, 74% used [0x0000000084a00000,0x0000000088821148,0x0000000089d00000)
 Metaspace       used 20646K, capacity 20910K, committed 21120K, reserved 1067008K
  class space    used 3310K, capacity 3409K, committed 3456K, reserved 1048576K
Event: 8.984 GC heap after
Heap after GC invocations=14 (full 0):
 PSYoungGen      total 418304K, used 31737K [0x00000000d6e00000, 0x00000000f2700000, 0x0000000100000000)
  eden space 386560K, 0% used [0x00000000d6e00000,0x00000000d6e00000,0x00000000ee780000)
  from space 31744K, 99% used [0x00000000f0700000,0x00000000f25fe4f8,0x00000000f2600000)
  to   space 32256K, 0% used [0x00000000ee780000,0x00000000ee780000,0x00000000f0700000)
 ParOldGen       total 91136K, used 91116K [0x0000000084a00000, 0x000000008a300000, 0x00000000d6e00000)
  object space 91136K, 99% used [0x0000000084a00000,0x000000008a2fb000,0x000000008a300000)
 Metaspace       used 20646K, capacity 20910K, committed 21120K, reserved 1067008K
  class space    used 3310K, capacity 3409K, committed 3456K, reserved 1048576K
}
Event: 8.984 GC heap before
{Heap before GC invocations=15 (full 1):
 PSYoungGen      total 418304K, used 31737K [0x00000000d6e00000, 0x00000000f2700000, 0x0000000100000000)
  eden space 386560K, 0% used [0x00000000d6e00000,0x00000000d6e00000,0x00000000ee780000)
  from space 31744K, 99% used [0x00000000f0700000,0x00000000f25fe4f8,0x00000000f2600000)
  to   space 32256K, 0% used [0x00000000ee780000,0x00000000ee780000,0x00000000f0700000)
 ParOldGen       total 91136K, used 91116K [0x0000000084a00000, 0x000000008a300000, 0x00000000d6e00000)
  object space 91136K, 99% used [0x0000000084a00000,0x000000008a2fb000,0x000000008a300000)
 Metaspace       used 20646K, capacity 20910K, committed 21120K, reserved 1067008K
  class space    used 3310K, capacity 3409K, committed 3456K, reserved 1048576K
Event: 9.234 GC heap after
Heap after GC invocations=15 (full 1):
 PSYoungGen      total 418304K, used 0K [0x00000000d6e00000, 0x00000000f2700000, 0x0000000100000000)
  eden space 386560K, 0% used [0x00000000d6e00000,0x00000000d6e00000,0x00000000ee780000)
  from space 31744K, 0% used [0x00000000f0700000,0x00000000f0700000,0x00000000f2600000)
  to   space 32256K, 0% used [0x00000000ee780000,0x00000000ee780000,0x00000000f0700000)
 ParOldGen       total 91136K, used 73134K [0x0000000084a00000, 0x000000008a300000, 0x00000000d6e00000)
  object space 91136K, 80% used [0x0000000084a00000,0x000000008916bbc8,0x000000008a300000)
 Metaspace       used 20646K, capacity 20910K, committed 21120K, reserved 1067008K
  class space    used 3310K, capacity 3409K, committed 3456K, reserved 1048576K
}
Event: 10.316 GC heap before
{Heap before GC invocations=16 (full 2):
 PSYoungGen      total 418304K, used 386560K [0x00000000d6e00000, 0x00000000f2700000, 0x0000000100000000)
  eden space 386560K, 100% used [0x00000000d6e00000,0x00000000ee780000,0x00000000ee780000)
  from space 31744K, 0% used [0x00000000f0700000,0x00000000f0700000,0x00000000f2600000)
  to   space 32256K, 0% used [0x00000000ee780000,0x00000000ee780000,0x00000000f0700000)
 ParOldGen       total 91136K, used 73134K [0x0000000084a00000, 0x000000008a300000, 0x00000000d6e00000)
  object space 91136K, 80% used [0x0000000084a00000,0x000000008916bbc8,0x000000008a300000)
 Metaspace       used 20646K, capacity 20910K, committed 21120K, reserved 1067008K
  class space    used 3310K, capacity 3409K, committed 3456K, reserved 1048576K
Event: 10.429 GC heap after
Heap after GC invocations=16 (full 2):
 PSYoungGen      total 418304K, used 0K [0x00000000d6e00000, 0x00000000f2700000, 0x0000000100000000)
  eden space 386560K, 0% used [0x00000000d6e00000,0x00000000d6e00000,0x00000000ee780000)
  from space 31744K, 0% used [0x00000000f0700000,0x00000000f0700000,0x00000000f2600000)
  to   space 32256K, 0% used [0x00000000ee780000,0x00000000ee780000,0x00000000f0700000)
 ParOldGen       total 118784K, used 40126K [0x0000000084a00000, 0x000000008be00000, 0x00000000d6e00000)
  object space 118784K, 33% used [0x0000000084a00000,0x000000008712f8e8,0x000000008be00000)
 Metaspace       used 20646K, capacity 20910K, committed 21120K, reserved 1067008K
  class space    used 3310K, capacity 3409K, committed 3456K, reserved 1048576K
}
Event: 10.912 GC heap before
{Heap before GC invocations=17 (full 2):
 PSYoungGen      total 418304K, used 386560K [0x00000000d6e00000, 0x00000000f2700000, 0x0000000100000000)
  eden space 386560K, 100% used [0x00000000d6e00000,0x00000000ee780000,0x00000000ee780000)
  from space 31744K, 0% used [0x00000000f0700000,0x00000000f0700000,0x00000000f2600000)
  to   space 32256K, 0% used [0x00000000ee780000,0x00000000ee780000,0x00000000f0700000)
 ParOldGen       total 118784K, used 40126K [0x0000000084a00000, 0x000000008be00000, 0x00000000d6e00000)
  object space 118784K, 33% used [0x0000000084a00000,0x000000008712f8e8,0x000000008be00000)
 Metaspace       used 20646K, capacity 20910K, committed 21120K, reserved 1067008K
  class space    used 3310K, capacity 3409K, committed 3456K, reserved 1048576K
Event: 10.947 GC heap after
Heap after GC invocations=17 (full 2):
 PSYoungGen      total 418816K, used 21196K [0x00000000d6e00000, 0x00000000f2700000, 0x0000000100000000)
  eden space 386560K, 0% used [0x00000000d6e00000,0x00000000d6e00000,0x00000000ee780000)
  from space 32256K, 65% used [0x00000000ee780000,0x00000000efc33110,0x00000000f0700000)
  to   space 31744K, 0% used [0x00000000f0700000,0x00000000f0700000,0x00000000f2600000)
 ParOldGen       total 118784K, used 40126K [0x0000000084a00000, 0x000000008be00000, 0x00000000d6e00000)
  object space 118784K, 33% used [0x0000000084a00000,0x000000008712f8e8,0x000000008be00000)
 Metaspace       used 20646K, capacity 20910K, committed 21120K, reserved 1067008K
  class space    used 3310K, capacity 3409K, committed 3456K, reserved 1048576K
}

