# JRE version: Java(TM) SE Runtime Environment (8.0_281-b09) (build 1.8.0_281-b09)
# Java VM: Java HotSpot(TM) 64-Bit Server VM (25.281-b09 mixed mode windows-amd64 compressed oops)
Heap:
 PSYoungGen      total 590336K, used 133943K [0x00000000d6e00000, 0x0000000100000000, 0x0000000100000000)
  eden space 543744K, 16% used [0x00000000d6e00000,0x00000000dc365900,0x00000000f8100000)
  from space 46592K, 99% used [0x00000000f8100000,0x00000000fae686c0,0x00000000fae80000)
  to   space 69632K, 0% used [0x00000000fbc00000,0x00000000fbc00000,0x0000000100000000)
 ParOldGen       total 140288K, used 80465K [0x0000000084a00000, 0x000000008d300000, 0x00000000d6e00000)
  object space 140288K, 57% used [0x0000000084a00000,0x0000000089894488,0x000000008d300000)
 Metaspace       used 28054K, capacity 28742K, committed 28800K, reserved 1073152K
  class space    used 4273K, capacity 4447K, committed 4480K, reserved 1048576K
GC Heap History (10 events):
Event: 5.177 GC heap before
{Heap before GC invocations=12 (full 0):
 PSYoungGen      total 418816K, used 391680K [0x00000000d6e00000, 0x00000000ffe80000, 0x0000000100000000)
  eden space 386560K, 100% used [0x00000000d6e00000,0x00000000ee780000,0x00000000ee780000)
  from space 32256K, 15% used [0x00000000ee780000,0x00000000eec80000,0x00000000f0700000)
  to   space 31232K, 0% used [0x00000000fe000000,0x00000000fe000000,0x00000000ffe80000)
 ParOldGen       total 84992K, used 37201K [0x0000000084a00000, 0x0000000089d00000, 0x00000000d6e00000)
  object space 84992K, 43% used [0x0000000084a00000,0x0000000086e54740,0x0000000089d00000)
 Metaspace       used 10969K, capacity 11112K, committed 11264K, reserved 1058816K
  class space    used 1381K, capacity 1444K, committed 1536K, reserved 1048576K
Event: 5.261 GC heap after
Heap after GC invocations=12 (full 0):
 PSYoungGen      total 615936K, used 31226K [0x00000000d6e00000, 0x0000000100000000, 0x0000000100000000)
  eden space 584704K, 0% used [0x00000000d6e00000,0x00000000d6e00000,0x00000000fa900000)
  from space 31232K, 99% used [0x00000000fe000000,0x00000000ffe7eaa8,0x00000000ffe80000)
  to   space 44544K, 0% used [0x00000000fa900000,0x00000000fa900000,0x00000000fd480000)
 ParOldGen       total 84992K, used 58091K [0x0000000084a00000, 0x0000000089d00000, 0x00000000d6e00000)
  object space 84992K, 68% used [0x0000000084a00000,0x00000000882badb8,0x0000000089d00000)
 Metaspace       used 10969K, capacity 11112K, committed 11264K, reserved 1058816K
  class space    used 1381K, capacity 1444K, committed 1536K, reserved 1048576K
}
Event: 8.529 GC heap before
{Heap before GC invocations=13 (full 0):
 PSYoungGen      total 615936K, used 615930K [0x00000000d6e00000, 0x0000000100000000, 0x0000000100000000)
  eden space 584704K, 100% used [0x00000000d6e00000,0x00000000fa900000,0x00000000fa900000)
  from space 31232K, 99% used [0x00000000fe000000,0x00000000ffe7eaa8,0x00000000ffe80000)
  to   space 44544K, 0% used [0x00000000fa900000,0x00000000fa900000,0x00000000fd480000)
 ParOldGen       total 84992K, used 58091K [0x0000000084a00000, 0x0000000089d00000, 0x00000000d6e00000)
  object space 84992K, 68% used [0x0000000084a00000,0x00000000882badb8,0x0000000089d00000)
 Metaspace       used 20639K, capacity 20910K, committed 21120K, reserved 1067008K
  class space    used 3311K, capacity 3409K, committed 3456K, reserved 1048576K
Event: 8.775 GC heap after
Heap after GC invocations=13 (full 0):
 PSYoungGen      total 629248K, used 44523K [0x00000000d6e00000, 0x0000000100000000, 0x0000000100000000)
  eden space 584704K, 0% used [0x00000000d6e00000,0x00000000d6e00000,0x00000000fa900000)
  from space 44544K, 99% used [0x00000000fa900000,0x00000000fd47adf8,0x00000000fd480000)
  to   space 44544K, 0% used [0x00000000fd480000,0x00000000fd480000,0x0000000100000000)
 ParOldGen       total 84992K, used 79639K [0x0000000084a00000, 0x0000000089d00000, 0x00000000d6e00000)
  object space 84992K, 93% used [0x0000000084a00000,0x00000000897c5f30,0x0000000089d00000)
 Metaspace       used 20639K, capacity 20910K, committed 21120K, reserved 1067008K
  class space    used 3311K, capacity 3409K, committed 3456K, reserved 1048576K
}
Event: 8.775 GC heap before
{Heap before GC invocations=14 (full 1):
 PSYoungGen      total 629248K, used 44523K [0x00000000d6e00000, 0x0000000100000000, 0x0000000100000000)
  eden space 584704K, 0% used [0x00000000d6e00000,0x00000000d6e00000,0x00000000fa900000)
  from space 44544K, 99% used [0x00000000fa900000,0x00000000fd47adf8,0x00000000fd480000)
  to   space 44544K, 0% used [0x00000000fd480000,0x00000000fd480000,0x0000000100000000)
 ParOldGen       total 84992K, used 79639K [0x0000000084a00000, 0x0000000089d00000, 0x00000000d6e00000)
  object space 84992K, 93% used [0x0000000084a00000,0x00000000897c5f30,0x0000000089d00000)
 Metaspace       used 20639K, capacity 20910K, committed 21120K, reserved 1067008K
  class space    used 3311K, capacity 3409K, committed 3456K, reserved 1048576K
Event: 9.034 GC heap after
Heap after GC invocations=14 (full 1):
 PSYoungGen      total 629248K, used 0K [0x00000000d6e00000, 0x0000000100000000, 0x0000000100000000)
  eden space 584704K, 0% used [0x00000000d6e00000,0x00000000d6e00000,0x00000000fa900000)
  from space 44544K, 0% used [0x00000000fa900000,0x00000000fa900000,0x00000000fd480000)
  to   space 44544K, 0% used [0x00000000fd480000,0x00000000fd480000,0x0000000100000000)
 ParOldGen       total 140288K, used 75629K [0x0000000084a00000, 0x000000008d300000, 0x00000000d6e00000)
  object space 140288K, 53% used [0x0000000084a00000,0x00000000893db438,0x000000008d300000)
 Metaspace       used 20639K, capacity 20910K, committed 21120K, reserved 1067008K
  class space    used 3311K, capacity 3409K, committed 3456K, reserved 1048576K
}
Event: 11.741 GC heap before
{Heap before GC invocations=15 (full 1):
 PSYoungGen      total 629248K, used 584704K [0x00000000d6e00000, 0x0000000100000000, 0x0000000100000000)
  eden space 584704K, 100% used [0x00000000d6e00000,0x00000000fa900000,0x00000000fa900000)
  from space 44544K, 0% used [0x00000000fa900000,0x00000000fa900000,0x00000000fd480000)
  to   space 44544K, 0% used [0x00000000fd480000,0x00000000fd480000,0x0000000100000000)
 ParOldGen       total 140288K, used 75629K [0x0000000084a00000, 0x000000008d300000, 0x00000000d6e00000)
  object space 140288K, 53% used [0x0000000084a00000,0x00000000893db438,0x000000008d300000)
 Metaspace       used 20642K, capacity 20910K, committed 21120K, reserved 1067008K
  class space    used 3311K, capacity 3409K, committed 3456K, reserved 1048576K
Event: 12.037 GC heap after
Heap after GC invocations=15 (full 1):
 PSYoungGen      total 588288K, used 44206K [0x00000000d6e00000, 0x0000000100000000, 0x0000000100000000)
  eden space 543744K, 0% used [0x00000000d6e00000,0x00000000d6e00000,0x00000000f8100000)
  from space 44544K, 99% used [0x00000000fd480000,0x00000000fffaba48,0x0000000100000000)
  to   space 65024K, 0% used [0x00000000f8100000,0x00000000f8100000,0x00000000fc080000)
 ParOldGen       total 140288K, used 75637K [0x0000000084a00000, 0x000000008d300000, 0x00000000d6e00000)
  object space 140288K, 53% used [0x0000000084a00000,0x00000000893dd438,0x000000008d300000)
 Metaspace       used 20642K, capacity 20910K, committed 21120K, reserved 1067008K
  class space    used 3311K, capacity 3409K, committed 3456K, reserved 1048576K
}
Event: 12.812 GC heap before
{Heap before GC invocations=16 (full 1):
 PSYoungGen      total 588288K, used 587950K [0x00000000d6e00000, 0x0000000100000000, 0x0000000100000000)
  eden space 543744K, 100% used [0x00000000d6e00000,0x00000000f8100000,0x00000000f8100000)
  from space 44544K, 99% used [0x00000000fd480000,0x00000000fffaba48,0x0000000100000000)
  to   space 65024K, 0% used [0x00000000f8100000,0x00000000f8100000,0x00000000fc080000)
 ParOldGen       total 140288K, used 75637K [0x0000000084a00000, 0x000000008d300000, 0x00000000d6e00000)
  object space 140288K, 53% used [0x0000000084a00000,0x00000000893dd438,0x000000008d300000)
 Metaspace       used 20653K, capacity 20910K, committed 21120K, reserved 1067008K
  class space    used 3311K, capacity 3409K, committed 3456K, reserved 1048576K
Event: 12.832 GC heap after
Heap after GC invocations=16 (full 1):
 PSYoungGen      total 590336K, used 46497K [0x00000000d6e00000, 0x0000000100000000, 0x0000000100000000)
  eden space 543744K, 0% used [0x00000000d6e00000,0x00000000d6e00000,0x00000000f8100000)
  from space 46592K, 99% used [0x00000000f8100000,0x00000000fae686c0,0x00000000fae80000)
  to   space 69632K, 0% used [0x00000000fbc00000,0x00000000fbc00000,0x0000000100000000)
 ParOldGen       total 140288K, used 80465K [0x0000000084a00000, 0x000000008d300000, 0x00000000d6e00000)
  object space 140288K, 57% used [0x0000000084a00000,0x0000000089894488,0x000000008d300000)
 Metaspace       used 20653K, capacity 20910K, committed 21120K, reserved 1067008K
  class space    used 3311K, capacity 3409K, committed 3456K, reserved 1048576K
}

