# JRE version: Java(TM) SE Runtime Environment (8.0_281-b09) (build 1.8.0_281-b09)
# Java VM: Java HotSpot(TM) 64-Bit Server VM (25.281-b09 mixed mode windows-amd64 compressed oops)
Heap:
 PSYoungGen      total 531456K, used 182575K [0x00000000d6e00000, 0x00000000f9e00000, 0x0000000100000000)
  eden space 492032K, 29% used [0x00000000d6e00000,0x00000000dfc05128,0x00000000f4e80000)
  from space 39424K, 94% used [0x00000000f4e80000,0x00000000f72c6c10,0x00000000f7500000)
  to   space 36864K, 0% used [0x00000000f7500000,0x00000000f7500000,0x00000000f9900000)
 ParOldGen       total 150016K, used 86333K [0x0000000084a00000, 0x000000008dc80000, 0x00000000d6e00000)
  object space 150016K, 57% used [0x0000000084a00000,0x0000000089e4f5f8,0x000000008dc80000)
 Metaspace       used 27683K, capacity 28322K, committed 28544K, reserved 1073152K
  class space    used 4228K, capacity 4399K, committed 4480K, reserved 1048576K
GC Heap History (10 events):
Event: 9.478 GC heap before
{Heap before GC invocations=10 (full 0):
 PSYoungGen      total 531456K, used 504272K [0x00000000d6e00000, 0x00000000f9e00000, 0x0000000100000000)
  eden space 492032K, 100% used [0x00000000d6e00000,0x00000000f4e80000,0x00000000f4e80000)
  from space 39424K, 31% used [0x00000000f4e80000,0x00000000f5a74360,0x00000000f7500000)
  to   space 36864K, 0% used [0x00000000f7500000,0x00000000f7500000,0x00000000f9900000)
 ParOldGen       total 84992K, used 37683K [0x0000000084a00000, 0x0000000089d00000, 0x00000000d6e00000)
  object space 84992K, 44% used [0x0000000084a00000,0x0000000086eccfc8,0x0000000089d00000)
 Metaspace       used 20615K, capacity 20910K, committed 21120K, reserved 1067008K
  class space    used 3310K, capacity 3409K, committed 3456K, reserved 1048576K
Event: 9.802 GC heap after
Heap after GC invocations=10 (full 0):
 PSYoungGen      total 528896K, used 36845K [0x00000000d6e00000, 0x00000000f9e00000, 0x0000000100000000)
  eden space 492032K, 0% used [0x00000000d6e00000,0x00000000d6e00000,0x00000000f4e80000)
  from space 36864K, 99% used [0x00000000f7500000,0x00000000f98fb510,0x00000000f9900000)
  to   space 39424K, 0% used [0x00000000f4e80000,0x00000000f4e80000,0x00000000f7500000)
 ParOldGen       total 84992K, used 62330K [0x0000000084a00000, 0x0000000089d00000, 0x00000000d6e00000)
  object space 84992K, 73% used [0x0000000084a00000,0x00000000886de930,0x0000000089d00000)
 Metaspace       used 20615K, capacity 20910K, committed 21120K, reserved 1067008K
  class space    used 3310K, capacity 3409K, committed 3456K, reserved 1048576K
}
Event: 11.908 GC heap before
{Heap before GC invocations=11 (full 0):
 PSYoungGen      total 528896K, used 528877K [0x00000000d6e00000, 0x00000000f9e00000, 0x0000000100000000)
  eden space 492032K, 100% used [0x00000000d6e00000,0x00000000f4e80000,0x00000000f4e80000)
  from space 36864K, 99% used [0x00000000f7500000,0x00000000f98fb510,0x00000000f9900000)
  to   space 39424K, 0% used [0x00000000f4e80000,0x00000000f4e80000,0x00000000f7500000)
 ParOldGen       total 84992K, used 62330K [0x0000000084a00000, 0x0000000089d00000, 0x00000000d6e00000)
  object space 84992K, 73% used [0x0000000084a00000,0x00000000886de930,0x0000000089d00000)
 Metaspace       used 20624K, capacity 20910K, committed 21120K, reserved 1067008K
  class space    used 3310K, capacity 3409K, committed 3456K, reserved 1048576K
Event: 12.089 GC heap after
Heap after GC invocations=11 (full 0):
 PSYoungGen      total 531456K, used 39414K [0x00000000d6e00000, 0x00000000f9e00000, 0x0000000100000000)
  eden space 492032K, 0% used [0x00000000d6e00000,0x00000000d6e00000,0x00000000f4e80000)
  from space 39424K, 99% used [0x00000000f4e80000,0x00000000f74fdb58,0x00000000f7500000)
  to   space 36864K, 0% used [0x00000000f7500000,0x00000000f7500000,0x00000000f9900000)
 ParOldGen       total 100352K, used 99917K [0x0000000084a00000, 0x000000008ac00000, 0x00000000d6e00000)
  object space 100352K, 99% used [0x0000000084a00000,0x000000008ab93428,0x000000008ac00000)
 Metaspace       used 20624K, capacity 20910K, committed 21120K, reserved 1067008K
  class space    used 3310K, capacity 3409K, committed 3456K, reserved 1048576K
}
Event: 12.089 GC heap before
{Heap before GC invocations=12 (full 1):
 PSYoungGen      total 531456K, used 39414K [0x00000000d6e00000, 0x00000000f9e00000, 0x0000000100000000)
  eden space 492032K, 0% used [0x00000000d6e00000,0x00000000d6e00000,0x00000000f4e80000)
  from space 39424K, 99% used [0x00000000f4e80000,0x00000000f74fdb58,0x00000000f7500000)
  to   space 36864K, 0% used [0x00000000f7500000,0x00000000f7500000,0x00000000f9900000)
 ParOldGen       total 100352K, used 99917K [0x0000000084a00000, 0x000000008ac00000, 0x00000000d6e00000)
  object space 100352K, 99% used [0x0000000084a00000,0x000000008ab93428,0x000000008ac00000)
 Metaspace       used 20624K, capacity 20910K, committed 21120K, reserved 1067008K
  class space    used 3310K, capacity 3409K, committed 3456K, reserved 1048576K
Event: 12.241 GC heap after
Heap after GC invocations=12 (full 1):
 PSYoungGen      total 531456K, used 0K [0x00000000d6e00000, 0x00000000f9e00000, 0x0000000100000000)
  eden space 492032K, 0% used [0x00000000d6e00000,0x00000000d6e00000,0x00000000f4e80000)
  from space 39424K, 0% used [0x00000000f4e80000,0x00000000f4e80000,0x00000000f7500000)
  to   space 36864K, 0% used [0x00000000f7500000,0x00000000f7500000,0x00000000f9900000)
 ParOldGen       total 150016K, used 82221K [0x0000000084a00000, 0x000000008dc80000, 0x00000000d6e00000)
  object space 150016K, 54% used [0x0000000084a00000,0x0000000089a4b588,0x000000008dc80000)
 Metaspace       used 20624K, capacity 20910K, committed 21120K, reserved 1067008K
  class space    used 3310K, capacity 3409K, committed 3456K, reserved 1048576K
}
Event: 14.047 GC heap before
{Heap before GC invocations=13 (full 1):
 PSYoungGen      total 531456K, used 492032K [0x00000000d6e00000, 0x00000000f9e00000, 0x0000000100000000)
  eden space 492032K, 100% used [0x00000000d6e00000,0x00000000f4e80000,0x00000000f4e80000)
  from space 39424K, 0% used [0x00000000f4e80000,0x00000000f4e80000,0x00000000f7500000)
  to   space 36864K, 0% used [0x00000000f7500000,0x00000000f7500000,0x00000000f9900000)
 ParOldGen       total 150016K, used 82221K [0x0000000084a00000, 0x000000008dc80000, 0x00000000d6e00000)
  object space 150016K, 54% used [0x0000000084a00000,0x0000000089a4b588,0x000000008dc80000)
 Metaspace       used 20626K, capacity 20910K, committed 21120K, reserved 1067008K
  class space    used 3310K, capacity 3409K, committed 3456K, reserved 1048576K
Event: 14.115 GC heap after
Heap after GC invocations=13 (full 1):
 PSYoungGen      total 528896K, used 31047K [0x00000000d6e00000, 0x00000000f9e00000, 0x0000000100000000)
  eden space 492032K, 0% used [0x00000000d6e00000,0x00000000d6e00000,0x00000000f4e80000)
  from space 36864K, 84% used [0x00000000f7500000,0x00000000f9351c70,0x00000000f9900000)
  to   space 39424K, 0% used [0x00000000f4e80000,0x00000000f4e80000,0x00000000f7500000)
 ParOldGen       total 150016K, used 82229K [0x0000000084a00000, 0x000000008dc80000, 0x00000000d6e00000)
  object space 150016K, 54% used [0x0000000084a00000,0x0000000089a4d588,0x000000008dc80000)
 Metaspace       used 20626K, capacity 20910K, committed 21120K, reserved 1067008K
  class space    used 3310K, capacity 3409K, committed 3456K, reserved 1048576K
}
Event: 14.720 GC heap before
{Heap before GC invocations=14 (full 1):
 PSYoungGen      total 528896K, used 523079K [0x00000000d6e00000, 0x00000000f9e00000, 0x0000000100000000)
  eden space 492032K, 100% used [0x00000000d6e00000,0x00000000f4e80000,0x00000000f4e80000)
  from space 36864K, 84% used [0x00000000f7500000,0x00000000f9351c70,0x00000000f9900000)
  to   space 39424K, 0% used [0x00000000f4e80000,0x00000000f4e80000,0x00000000f7500000)
 ParOldGen       total 150016K, used 82229K [0x0000000084a00000, 0x000000008dc80000, 0x00000000d6e00000)
  object space 150016K, 54% used [0x0000000084a00000,0x0000000089a4d588,0x000000008dc80000)
 Metaspace       used 20635K, capacity 20910K, committed 21120K, reserved 1067008K
  class space    used 3310K, capacity 3409K, committed 3456K, reserved 1048576K
Event: 14.740 GC heap after
Heap after GC invocations=14 (full 1):
 PSYoungGen      total 531456K, used 37147K [0x00000000d6e00000, 0x00000000f9e00000, 0x0000000100000000)
  eden space 492032K, 0% used [0x00000000d6e00000,0x00000000d6e00000,0x00000000f4e80000)
  from space 39424K, 94% used [0x00000000f4e80000,0x00000000f72c6c10,0x00000000f7500000)
  to   space 36864K, 0% used [0x00000000f7500000,0x00000000f7500000,0x00000000f9900000)
 ParOldGen       total 150016K, used 86333K [0x0000000084a00000, 0x000000008dc80000, 0x00000000d6e00000)
  object space 150016K, 57% used [0x0000000084a00000,0x0000000089e4f5f8,0x000000008dc80000)
 Metaspace       used 20635K, capacity 20910K, committed 21120K, reserved 1067008K
  class space    used 3310K, capacity 3409K, committed 3456K, reserved 1048576K
}

