# JRE version: Java(TM) SE Runtime Environment (8.0_281-b09) (build 1.8.0_281-b09)
# Java VM: Java HotSpot(TM) 64-Bit Server VM (25.281-b09 mixed mode windows-amd64 compressed oops)
Heap:
 PSYoungGen      total 616448K, used 178203K [0x00000000d6e00000, 0x0000000100000000, 0x0000000100000000)
  eden space 584704K, 25% used [0x00000000d6e00000,0x00000000dfd0c248,0x00000000fa900000)
  from space 31744K, 99% used [0x00000000fe080000,0x00000000fff7abc8,0x00000000fff80000)
  to   space 44544K, 0% used [0x00000000fa900000,0x00000000fa900000,0x00000000fd480000)
 ParOldGen       total 84992K, used 58078K [0x0000000084a00000, 0x0000000089d00000, 0x00000000d6e00000)
  object space 84992K, 68% used [0x0000000084a00000,0x00000000882b7b30,0x0000000089d00000)
 Metaspace       used 20623K, capacity 20910K, committed 21120K, reserved 1067008K
  class space    used 3310K, capacity 3409K, committed 3456K, reserved 1048576K
GC Heap History (10 events):
Event: 2.259 GC heap before
{Heap before GC invocations=8 (full 0):
 PSYoungGen      total 133632K, used 133610K [0x00000000d6e00000, 0x00000000e8300000, 0x0000000100000000)
  eden space 122880K, 100% used [0x00000000d6e00000,0x00000000de600000,0x00000000de600000)
  from space 10752K, 99% used [0x00000000de600000,0x00000000df07ab60,0x00000000df080000)
  to   space 18944K, 0% used [0x00000000e7080000,0x00000000e7080000,0x00000000e8300000)
 ParOldGen       total 84992K, used 18551K [0x0000000084a00000, 0x0000000089d00000, 0x00000000d6e00000)
  object space 84992K, 21% used [0x0000000084a00000,0x0000000085c1df28,0x0000000089d00000)
 Metaspace       used 8836K, capacity 9050K, committed 9344K, reserved 1056768K
  class space    used 969K, capacity 1054K, committed 1152K, reserved 1048576K
Event: 2.301 GC heap after
Heap after GC invocations=8 (full 0):
 PSYoungGen      total 260608K, used 18941K [0x00000000d6e00000, 0x00000000e8b00000, 0x0000000100000000)
  eden space 241664K, 0% used [0x00000000d6e00000,0x00000000d6e00000,0x00000000e5a00000)
  from space 18944K, 99% used [0x00000000e7080000,0x00000000e82ff6a8,0x00000000e8300000)
  to   space 23040K, 0% used [0x00000000e5a00000,0x00000000e5a00000,0x00000000e7080000)
 ParOldGen       total 84992K, used 19631K [0x0000000084a00000, 0x0000000089d00000, 0x00000000d6e00000)
  object space 84992K, 23% used [0x0000000084a00000,0x0000000085d2be40,0x0000000089d00000)
 Metaspace       used 8836K, capacity 9050K, committed 9344K, reserved 1056768K
  class space    used 969K, capacity 1054K, committed 1152K, reserved 1048576K
}
Event: 2.845 GC heap before
{Heap before GC invocations=9 (full 0):
 PSYoungGen      total 260608K, used 260605K [0x00000000d6e00000, 0x00000000e8b00000, 0x0000000100000000)
  eden space 241664K, 100% used [0x00000000d6e00000,0x00000000e5a00000,0x00000000e5a00000)
  from space 18944K, 99% used [0x00000000e7080000,0x00000000e82ff6a8,0x00000000e8300000)
  to   space 23040K, 0% used [0x00000000e5a00000,0x00000000e5a00000,0x00000000e7080000)
 ParOldGen       total 84992K, used 19631K [0x0000000084a00000, 0x0000000089d00000, 0x00000000d6e00000)
  object space 84992K, 23% used [0x0000000084a00000,0x0000000085d2be40,0x0000000089d00000)
 Metaspace       used 8877K, capacity 9050K, committed 9344K, reserved 1056768K
  class space    used 971K, capacity 1054K, committed 1152K, reserved 1048576K
Event: 2.868 GC heap after
Heap after GC invocations=9 (full 0):
 PSYoungGen      total 264704K, used 23039K [0x00000000d6e00000, 0x00000000f2600000, 0x0000000100000000)
  eden space 241664K, 0% used [0x00000000d6e00000,0x00000000d6e00000,0x00000000e5a00000)
  from space 23040K, 99% used [0x00000000e5a00000,0x00000000e707fed0,0x00000000e7080000)
  to   space 31744K, 0% used [0x00000000f0700000,0x00000000f0700000,0x00000000f2600000)
 ParOldGen       total 84992K, used 31551K [0x0000000084a00000, 0x0000000089d00000, 0x00000000d6e00000)
  object space 84992K, 37% used [0x0000000084a00000,0x00000000868cfc20,0x0000000089d00000)
 Metaspace       used 8877K, capacity 9050K, committed 9344K, reserved 1056768K
  class space    used 971K, capacity 1054K, committed 1152K, reserved 1048576K
}
Event: 3.248 GC heap before
{Heap before GC invocations=10 (full 0):
 PSYoungGen      total 264704K, used 264703K [0x00000000d6e00000, 0x00000000f2600000, 0x0000000100000000)
  eden space 241664K, 100% used [0x00000000d6e00000,0x00000000e5a00000,0x00000000e5a00000)
  from space 23040K, 99% used [0x00000000e5a00000,0x00000000e707fed0,0x00000000e7080000)
  to   space 31744K, 0% used [0x00000000f0700000,0x00000000f0700000,0x00000000f2600000)
 ParOldGen       total 84992K, used 31551K [0x0000000084a00000, 0x0000000089d00000, 0x00000000d6e00000)
  object space 84992K, 37% used [0x0000000084a00000,0x00000000868cfc20,0x0000000089d00000)
 Metaspace       used 8898K, capacity 9050K, committed 9344K, reserved 1056768K
  class space    used 971K, capacity 1054K, committed 1152K, reserved 1048576K
Event: 3.263 GC heap after
Heap after GC invocations=10 (full 0):
 PSYoungGen      total 418304K, used 17885K [0x00000000d6e00000, 0x00000000f2700000, 0x0000000100000000)
  eden space 386560K, 0% used [0x00000000d6e00000,0x00000000d6e00000,0x00000000ee780000)
  from space 31744K, 56% used [0x00000000f0700000,0x00000000f1877618,0x00000000f2600000)
  to   space 32256K, 0% used [0x00000000ee780000,0x00000000ee780000,0x00000000f0700000)
 ParOldGen       total 84992K, used 33631K [0x0000000084a00000, 0x0000000089d00000, 0x00000000d6e00000)
  object space 84992K, 39% used [0x0000000084a00000,0x0000000086ad7c40,0x0000000089d00000)
 Metaspace       used 8898K, capacity 9050K, committed 9344K, reserved 1056768K
  class space    used 971K, capacity 1054K, committed 1152K, reserved 1048576K
}
Event: 3.972 GC heap before
{Heap before GC invocations=11 (full 0):
 PSYoungGen      total 418304K, used 404445K [0x00000000d6e00000, 0x00000000f2700000, 0x0000000100000000)
  eden space 386560K, 100% used [0x00000000d6e00000,0x00000000ee780000,0x00000000ee780000)
  from space 31744K, 56% used [0x00000000f0700000,0x00000000f1877618,0x00000000f2600000)
  to   space 32256K, 0% used [0x00000000ee780000,0x00000000ee780000,0x00000000f0700000)
 ParOldGen       total 84992K, used 33631K [0x0000000084a00000, 0x0000000089d00000, 0x00000000d6e00000)
  object space 84992K, 39% used [0x0000000084a00000,0x0000000086ad7c40,0x0000000089d00000)
 Metaspace       used 8898K, capacity 9050K, committed 9344K, reserved 1056768K
  class space    used 971K, capacity 1054K, committed 1152K, reserved 1048576K
Event: 4.028 GC heap after
Heap after GC invocations=11 (full 0):
 PSYoungGen      total 418816K, used 5088K [0x00000000d6e00000, 0x00000000fff80000, 0x0000000100000000)
  eden space 386560K, 0% used [0x00000000d6e00000,0x00000000d6e00000,0x00000000ee780000)
  from space 32256K, 15% used [0x00000000ee780000,0x00000000eec78000,0x00000000f0700000)
  to   space 31744K, 0% used [0x00000000fe080000,0x00000000fe080000,0x00000000fff80000)
 ParOldGen       total 84992K, used 37687K [0x0000000084a00000, 0x0000000089d00000, 0x00000000d6e00000)
  object space 84992K, 44% used [0x0000000084a00000,0x0000000086ecdc90,0x0000000089d00000)
 Metaspace       used 8898K, capacity 9050K, committed 9344K, reserved 1056768K
  class space    used 971K, capacity 1054K, committed 1152K, reserved 1048576K
}
Event: 5.580 GC heap before
{Heap before GC invocations=12 (full 0):
 PSYoungGen      total 418816K, used 391648K [0x00000000d6e00000, 0x00000000fff80000, 0x0000000100000000)
  eden space 386560K, 100% used [0x00000000d6e00000,0x00000000ee780000,0x00000000ee780000)
  from space 32256K, 15% used [0x00000000ee780000,0x00000000eec78000,0x00000000f0700000)
  to   space 31744K, 0% used [0x00000000fe080000,0x00000000fe080000,0x00000000fff80000)
 ParOldGen       total 84992K, used 37687K [0x0000000084a00000, 0x0000000089d00000, 0x00000000d6e00000)
  object space 84992K, 44% used [0x0000000084a00000,0x0000000086ecdc90,0x0000000089d00000)
 Metaspace       used 10974K, capacity 11208K, committed 11520K, reserved 1058816K
  class space    used 1387K, capacity 1476K, committed 1536K, reserved 1048576K
Event: 5.677 GC heap after
Heap after GC invocations=12 (full 0):
 PSYoungGen      total 616448K, used 31722K [0x00000000d6e00000, 0x0000000100000000, 0x0000000100000000)
  eden space 584704K, 0% used [0x00000000d6e00000,0x00000000d6e00000,0x00000000fa900000)
  from space 31744K, 99% used [0x00000000fe080000,0x00000000fff7abc8,0x00000000fff80000)
  to   space 44544K, 0% used [0x00000000fa900000,0x00000000fa900000,0x00000000fd480000)
 ParOldGen       total 84992K, used 58078K [0x0000000084a00000, 0x0000000089d00000, 0x00000000d6e00000)
  object space 84992K, 68% used [0x0000000084a00000,0x00000000882b7b30,0x0000000089d00000)
 Metaspace       used 10974K, capacity 11208K, committed 11520K, reserved 1058816K
  class space    used 1387K, capacity 1476K, committed 1536K, reserved 1048576K
}

