# JRE version: Java(TM) SE Runtime Environment (8.0_281-b09) (build 1.8.0_281-b09)
# Java VM: Java HotSpot(TM) 64-Bit Server VM (25.281-b09 mixed mode windows-amd64 compressed oops)
Heap:
 PSYoungGen      total 590848K, used 139442K [0x00000000d6e00000, 0x0000000100000000, 0x0000000100000000)
  eden space 543744K, 17% used [0x00000000d6e00000,0x00000000dc8aad80,0x00000000f8100000)
  from space 47104K, 98% used [0x00000000f8100000,0x00000000fae81a90,0x00000000faf00000)
  to   space 69632K, 0% used [0x00000000fbc00000,0x00000000fbc00000,0x0000000100000000)
 ParOldGen       total 136704K, used 80342K [0x0000000084a00000, 0x000000008cf80000, 0x00000000d6e00000)
  object space 136704K, 58% used [0x0000000084a00000,0x0000000089875900,0x000000008cf80000)
 Metaspace       used 29507K, capacity 30244K, committed 30592K, reserved 1075200K
  class space    used 4433K, capacity 4624K, committed 4736K, reserved 1048576K
GC Heap History (10 events):
Event: 6.020 GC heap before
{Heap before GC invocations=12 (full 0):
 PSYoungGen      total 418816K, used 391680K [0x00000000d6e00000, 0x00000000ffe80000, 0x0000000100000000)
  eden space 386560K, 100% used [0x00000000d6e00000,0x00000000ee780000,0x00000000ee780000)
  from space 32256K, 15% used [0x00000000ee780000,0x00000000eec80000,0x00000000f0700000)
  to   space 31232K, 0% used [0x00000000fe000000,0x00000000fe000000,0x00000000ffe80000)
 ParOldGen       total 84992K, used 37457K [0x0000000084a00000, 0x0000000089d00000, 0x00000000d6e00000)
  object space 84992K, 44% used [0x0000000084a00000,0x0000000086e94788,0x0000000089d00000)
 Metaspace       used 11032K, capacity 11304K, committed 11520K, reserved 1058816K
  class space    used 1402K, capacity 1508K, committed 1536K, reserved 1048576K
Event: 6.147 GC heap after
Heap after GC invocations=12 (full 0):
 PSYoungGen      total 615936K, used 31215K [0x00000000d6e00000, 0x0000000100000000, 0x0000000100000000)
  eden space 584704K, 0% used [0x00000000d6e00000,0x00000000d6e00000,0x00000000fa900000)
  from space 31232K, 99% used [0x00000000fe000000,0x00000000ffe7bd18,0x00000000ffe80000)
  to   space 44544K, 0% used [0x00000000fa900000,0x00000000fa900000,0x00000000fd480000)
 ParOldGen       total 84992K, used 58314K [0x0000000084a00000, 0x0000000089d00000, 0x00000000d6e00000)
  object space 84992K, 68% used [0x0000000084a00000,0x00000000882f2be8,0x0000000089d00000)
 Metaspace       used 11032K, capacity 11304K, committed 11520K, reserved 1058816K
  class space    used 1402K, capacity 1508K, committed 1536K, reserved 1048576K
}
Event: 8.478 GC heap before
{Heap before GC invocations=13 (full 0):
 PSYoungGen      total 615936K, used 615919K [0x00000000d6e00000, 0x0000000100000000, 0x0000000100000000)
  eden space 584704K, 100% used [0x00000000d6e00000,0x00000000fa900000,0x00000000fa900000)
  from space 31232K, 99% used [0x00000000fe000000,0x00000000ffe7bd18,0x00000000ffe80000)
  to   space 44544K, 0% used [0x00000000fa900000,0x00000000fa900000,0x00000000fd480000)
 ParOldGen       total 84992K, used 58314K [0x0000000084a00000, 0x0000000089d00000, 0x00000000d6e00000)
  object space 84992K, 68% used [0x0000000084a00000,0x00000000882f2be8,0x0000000089d00000)
 Metaspace       used 20633K, capacity 20910K, committed 21120K, reserved 1067008K
  class space    used 3310K, capacity 3409K, committed 3456K, reserved 1048576K
Event: 8.535 GC heap after
Heap after GC invocations=13 (full 0):
 PSYoungGen      total 629248K, used 44527K [0x00000000d6e00000, 0x0000000100000000, 0x0000000100000000)
  eden space 584704K, 0% used [0x00000000d6e00000,0x00000000d6e00000,0x00000000fa900000)
  from space 44544K, 99% used [0x00000000fa900000,0x00000000fd47be78,0x00000000fd480000)
  to   space 44544K, 0% used [0x00000000fd480000,0x00000000fd480000,0x0000000100000000)
 ParOldGen       total 84992K, used 79858K [0x0000000084a00000, 0x0000000089d00000, 0x00000000d6e00000)
  object space 84992K, 93% used [0x0000000084a00000,0x00000000897fcaf0,0x0000000089d00000)
 Metaspace       used 20633K, capacity 20910K, committed 21120K, reserved 1067008K
  class space    used 3310K, capacity 3409K, committed 3456K, reserved 1048576K
}
Event: 8.535 GC heap before
{Heap before GC invocations=14 (full 1):
 PSYoungGen      total 629248K, used 44527K [0x00000000d6e00000, 0x0000000100000000, 0x0000000100000000)
  eden space 584704K, 0% used [0x00000000d6e00000,0x00000000d6e00000,0x00000000fa900000)
  from space 44544K, 99% used [0x00000000fa900000,0x00000000fd47be78,0x00000000fd480000)
  to   space 44544K, 0% used [0x00000000fd480000,0x00000000fd480000,0x0000000100000000)
 ParOldGen       total 84992K, used 79858K [0x0000000084a00000, 0x0000000089d00000, 0x00000000d6e00000)
  object space 84992K, 93% used [0x0000000084a00000,0x00000000897fcaf0,0x0000000089d00000)
 Metaspace       used 20633K, capacity 20910K, committed 21120K, reserved 1067008K
  class space    used 3310K, capacity 3409K, committed 3456K, reserved 1048576K
Event: 8.665 GC heap after
Heap after GC invocations=14 (full 1):
 PSYoungGen      total 629248K, used 0K [0x00000000d6e00000, 0x0000000100000000, 0x0000000100000000)
  eden space 584704K, 0% used [0x00000000d6e00000,0x00000000d6e00000,0x00000000fa900000)
  from space 44544K, 0% used [0x00000000fa900000,0x00000000fa900000,0x00000000fd480000)
  to   space 44544K, 0% used [0x00000000fd480000,0x00000000fd480000,0x0000000100000000)
 ParOldGen       total 136704K, used 75554K [0x0000000084a00000, 0x000000008cf80000, 0x00000000d6e00000)
  object space 136704K, 55% used [0x0000000084a00000,0x00000000893c88b0,0x000000008cf80000)
 Metaspace       used 20633K, capacity 20910K, committed 21120K, reserved 1067008K
  class space    used 3310K, capacity 3409K, committed 3456K, reserved 1048576K
}
Event: 9.708 GC heap before
{Heap before GC invocations=15 (full 1):
 PSYoungGen      total 629248K, used 584704K [0x00000000d6e00000, 0x0000000100000000, 0x0000000100000000)
  eden space 584704K, 100% used [0x00000000d6e00000,0x00000000fa900000,0x00000000fa900000)
  from space 44544K, 0% used [0x00000000fa900000,0x00000000fa900000,0x00000000fd480000)
  to   space 44544K, 0% used [0x00000000fd480000,0x00000000fd480000,0x0000000100000000)
 ParOldGen       total 136704K, used 75554K [0x0000000084a00000, 0x000000008cf80000, 0x00000000d6e00000)
  object space 136704K, 55% used [0x0000000084a00000,0x00000000893c88b0,0x000000008cf80000)
 Metaspace       used 20637K, capacity 20910K, committed 21120K, reserved 1067008K
  class space    used 3310K, capacity 3409K, committed 3456K, reserved 1048576K
Event: 9.734 GC heap after
Heap after GC invocations=15 (full 1):
 PSYoungGen      total 588288K, used 44304K [0x00000000d6e00000, 0x0000000100000000, 0x0000000100000000)
  eden space 543744K, 0% used [0x00000000d6e00000,0x00000000d6e00000,0x00000000f8100000)
  from space 44544K, 99% used [0x00000000fd480000,0x00000000fffc4290,0x0000000100000000)
  to   space 65024K, 0% used [0x00000000f8100000,0x00000000f8100000,0x00000000fc080000)
 ParOldGen       total 136704K, used 75562K [0x0000000084a00000, 0x000000008cf80000, 0x00000000d6e00000)
  object space 136704K, 55% used [0x0000000084a00000,0x00000000893ca8b0,0x000000008cf80000)
 Metaspace       used 20637K, capacity 20910K, committed 21120K, reserved 1067008K
  class space    used 3310K, capacity 3409K, committed 3456K, reserved 1048576K
}
Event: 10.417 GC heap before
{Heap before GC invocations=16 (full 1):
 PSYoungGen      total 588288K, used 588048K [0x00000000d6e00000, 0x0000000100000000, 0x0000000100000000)
  eden space 543744K, 100% used [0x00000000d6e00000,0x00000000f8100000,0x00000000f8100000)
  from space 44544K, 99% used [0x00000000fd480000,0x00000000fffc4290,0x0000000100000000)
  to   space 65024K, 0% used [0x00000000f8100000,0x00000000f8100000,0x00000000fc080000)
 ParOldGen       total 136704K, used 75562K [0x0000000084a00000, 0x000000008cf80000, 0x00000000d6e00000)
  object space 136704K, 55% used [0x0000000084a00000,0x00000000893ca8b0,0x000000008cf80000)
 Metaspace       used 20647K, capacity 20910K, committed 21120K, reserved 1067008K
  class space    used 3310K, capacity 3409K, committed 3456K, reserved 1048576K
Event: 10.434 GC heap after
Heap after GC invocations=16 (full 1):
 PSYoungGen      total 590848K, used 46598K [0x00000000d6e00000, 0x0000000100000000, 0x0000000100000000)
  eden space 543744K, 0% used [0x00000000d6e00000,0x00000000d6e00000,0x00000000f8100000)
  from space 47104K, 98% used [0x00000000f8100000,0x00000000fae81a90,0x00000000faf00000)
  to   space 69632K, 0% used [0x00000000fbc00000,0x00000000fbc00000,0x0000000100000000)
 ParOldGen       total 136704K, used 80342K [0x0000000084a00000, 0x000000008cf80000, 0x00000000d6e00000)
  object space 136704K, 58% used [0x0000000084a00000,0x0000000089875900,0x000000008cf80000)
 Metaspace       used 20647K, capacity 20910K, committed 21120K, reserved 1067008K
  class space    used 3310K, capacity 3409K, committed 3456K, reserved 1048576K
}

