# JRE version: Java(TM) SE Runtime Environment (8.0_281-b09) (build 1.8.0_281-b09)
# Java VM: Java HotSpot(TM) 64-Bit Server VM (25.281-b09 mixed mode windows-amd64 compressed oops)
Heap:
 PSYoungGen      total 416256K, used 125363K [0x00000000d6e00000, 0x00000000f2500000, 0x0000000100000000)
  eden space 384512K, 27% used [0x00000000d6e00000,0x00000000dd6d73d0,0x00000000ee580000)
  from space 31744K, 56% used [0x00000000f0500000,0x00000000f1695b58,0x00000000f2400000)
  to   space 32256K, 0% used [0x00000000ee580000,0x00000000ee580000,0x00000000f0500000)
 ParOldGen       total 84992K, used 32901K [0x0000000084a00000, 0x0000000089d00000, 0x00000000d6e00000)
  object space 84992K, 38% used [0x0000000084a00000,0x0000000086a21438,0x0000000089d00000)
 Metaspace       used 8892K, capacity 9050K, committed 9344K, reserved 1056768K
  class space    used 971K, capacity 1054K, committed 1152K, reserved 1048576K
GC Heap History (10 events):
Event: 2.972 GC heap before
{Heap before GC invocations=6 (full 0):
 PSYoungGen      total 68608K, used 68592K [0x00000000d6e00000, 0x00000000df700000, 0x0000000100000000)
  eden space 63488K, 100% used [0x00000000d6e00000,0x00000000dac00000,0x00000000dac00000)
  from space 5120K, 99% used [0x00000000dac00000,0x00000000db0fc2b8,0x00000000db100000)
  to   space 6656K, 0% used [0x00000000df080000,0x00000000df080000,0x00000000df700000)
 ParOldGen       total 84992K, used 1375K [0x0000000084a00000, 0x0000000089d00000, 0x00000000d6e00000)
  object space 84992K, 1% used [0x0000000084a00000,0x0000000084b57e00,0x0000000089d00000)
 Metaspace       used 8744K, capacity 8922K, committed 9088K, reserved 1056768K
  class space    used 963K, capacity 1054K, committed 1152K, reserved 1048576K
Event: 2.990 GC heap after
Heap after GC invocations=6 (full 0):
 PSYoungGen      total 129024K, used 6634K [0x00000000d6e00000, 0x00000000e0000000, 0x0000000100000000)
  eden space 122368K, 0% used [0x00000000d6e00000,0x00000000d6e00000,0x00000000de580000)
  from space 6656K, 99% used [0x00000000df080000,0x00000000df6faac8,0x00000000df700000)
  to   space 11264K, 0% used [0x00000000de580000,0x00000000de580000,0x00000000df080000)
 ParOldGen       total 84992K, used 7110K [0x0000000084a00000, 0x0000000089d00000, 0x00000000d6e00000)
  object space 84992K, 8% used [0x0000000084a00000,0x00000000850f1b48,0x0000000089d00000)
 Metaspace       used 8744K, capacity 8922K, committed 9088K, reserved 1056768K
  class space    used 963K, capacity 1054K, committed 1152K, reserved 1048576K
}
Event: 3.537 GC heap before
{Heap before GC invocations=7 (full 0):
 PSYoungGen      total 129024K, used 129002K [0x00000000d6e00000, 0x00000000e0000000, 0x0000000100000000)
  eden space 122368K, 100% used [0x00000000d6e00000,0x00000000de580000,0x00000000de580000)
  from space 6656K, 99% used [0x00000000df080000,0x00000000df6faac8,0x00000000df700000)
  to   space 11264K, 0% used [0x00000000de580000,0x00000000de580000,0x00000000df080000)
 ParOldGen       total 84992K, used 7110K [0x0000000084a00000, 0x0000000089d00000, 0x00000000d6e00000)
  object space 84992K, 8% used [0x0000000084a00000,0x00000000850f1b48,0x0000000089d00000)
 Metaspace       used 8830K, capacity 9050K, committed 9344K, reserved 1056768K
  class space    used 969K, capacity 1054K, committed 1152K, reserved 1048576K
Event: 3.553 GC heap after
Heap after GC invocations=7 (full 0):
 PSYoungGen      total 133632K, used 11238K [0x00000000d6e00000, 0x00000000e8200000, 0x0000000100000000)
  eden space 122368K, 0% used [0x00000000d6e00000,0x00000000d6e00000,0x00000000de580000)
  from space 11264K, 99% used [0x00000000de580000,0x00000000df079b70,0x00000000df080000)
  to   space 18944K, 0% used [0x00000000e6f80000,0x00000000e6f80000,0x00000000e8200000)
 ParOldGen       total 84992K, used 18374K [0x0000000084a00000, 0x0000000089d00000, 0x00000000d6e00000)
  object space 84992K, 21% used [0x0000000084a00000,0x0000000085bf1a20,0x0000000089d00000)
 Metaspace       used 8830K, capacity 9050K, committed 9344K, reserved 1056768K
  class space    used 969K, capacity 1054K, committed 1152K, reserved 1048576K
}
Event: 4.002 GC heap before
{Heap before GC invocations=8 (full 0):
 PSYoungGen      total 133632K, used 133606K [0x00000000d6e00000, 0x00000000e8200000, 0x0000000100000000)
  eden space 122368K, 100% used [0x00000000d6e00000,0x00000000de580000,0x00000000de580000)
  from space 11264K, 99% used [0x00000000de580000,0x00000000df079b70,0x00000000df080000)
  to   space 18944K, 0% used [0x00000000e6f80000,0x00000000e6f80000,0x00000000e8200000)
 ParOldGen       total 84992K, used 18374K [0x0000000084a00000, 0x0000000089d00000, 0x00000000d6e00000)
  object space 84992K, 21% used [0x0000000084a00000,0x0000000085bf1a20,0x0000000089d00000)
 Metaspace       used 8831K, capacity 9050K, committed 9344K, reserved 1056768K
  class space    used 969K, capacity 1054K, committed 1152K, reserved 1048576K
Event: 4.022 GC heap after
Heap after GC invocations=8 (full 0):
 PSYoungGen      total 259584K, used 18921K [0x00000000d6e00000, 0x00000000e8a00000, 0x0000000100000000)
  eden space 240640K, 0% used [0x00000000d6e00000,0x00000000d6e00000,0x00000000e5900000)
  from space 18944K, 99% used [0x00000000e6f80000,0x00000000e81fa6a0,0x00000000e8200000)
  to   space 23040K, 0% used [0x00000000e5900000,0x00000000e5900000,0x00000000e6f80000)
 ParOldGen       total 84992K, used 19264K [0x0000000084a00000, 0x0000000089d00000, 0x00000000d6e00000)
  object space 84992K, 22% used [0x0000000084a00000,0x0000000085cd0078,0x0000000089d00000)
 Metaspace       used 8831K, capacity 9050K, committed 9344K, reserved 1056768K
  class space    used 969K, capacity 1054K, committed 1152K, reserved 1048576K
}
Event: 4.950 GC heap before
{Heap before GC invocations=9 (full 0):
 PSYoungGen      total 259584K, used 259561K [0x00000000d6e00000, 0x00000000e8a00000, 0x0000000100000000)
  eden space 240640K, 100% used [0x00000000d6e00000,0x00000000e5900000,0x00000000e5900000)
  from space 18944K, 99% used [0x00000000e6f80000,0x00000000e81fa6a0,0x00000000e8200000)
  to   space 23040K, 0% used [0x00000000e5900000,0x00000000e5900000,0x00000000e6f80000)
 ParOldGen       total 84992K, used 19264K [0x0000000084a00000, 0x0000000089d00000, 0x00000000d6e00000)
  object space 84992K, 22% used [0x0000000084a00000,0x0000000085cd0078,0x0000000089d00000)
 Metaspace       used 8875K, capacity 9050K, committed 9344K, reserved 1056768K
  class space    used 971K, capacity 1054K, committed 1152K, reserved 1048576K
Event: 4.985 GC heap after
Heap after GC invocations=9 (full 0):
 PSYoungGen      total 263680K, used 23039K [0x00000000d6e00000, 0x00000000f2400000, 0x0000000100000000)
  eden space 240640K, 0% used [0x00000000d6e00000,0x00000000d6e00000,0x00000000e5900000)
  from space 23040K, 99% used [0x00000000e5900000,0x00000000e6f7fd10,0x00000000e6f80000)
  to   space 31744K, 0% used [0x00000000f0500000,0x00000000f0500000,0x00000000f2400000)
 ParOldGen       total 84992K, used 30913K [0x0000000084a00000, 0x0000000089d00000, 0x00000000d6e00000)
  object space 84992K, 36% used [0x0000000084a00000,0x0000000086830428,0x0000000089d00000)
 Metaspace       used 8875K, capacity 9050K, committed 9344K, reserved 1056768K
  class space    used 971K, capacity 1054K, committed 1152K, reserved 1048576K
}
Event: 5.619 GC heap before
{Heap before GC invocations=10 (full 0):
 PSYoungGen      total 263680K, used 263679K [0x00000000d6e00000, 0x00000000f2400000, 0x0000000100000000)
  eden space 240640K, 100% used [0x00000000d6e00000,0x00000000e5900000,0x00000000e5900000)
  from space 23040K, 99% used [0x00000000e5900000,0x00000000e6f7fd10,0x00000000e6f80000)
  to   space 31744K, 0% used [0x00000000f0500000,0x00000000f0500000,0x00000000f2400000)
 ParOldGen       total 84992K, used 30913K [0x0000000084a00000, 0x0000000089d00000, 0x00000000d6e00000)
  object space 84992K, 36% used [0x0000000084a00000,0x0000000086830428,0x0000000089d00000)
 Metaspace       used 8892K, capacity 9050K, committed 9344K, reserved 1056768K
  class space    used 971K, capacity 1054K, committed 1152K, reserved 1048576K
Event: 5.646 GC heap after
Heap after GC invocations=10 (full 0):
 PSYoungGen      total 416256K, used 18006K [0x00000000d6e00000, 0x00000000f2500000, 0x0000000100000000)
  eden space 384512K, 0% used [0x00000000d6e00000,0x00000000d6e00000,0x00000000ee580000)
  from space 31744K, 56% used [0x00000000f0500000,0x00000000f1695b58,0x00000000f2400000)
  to   space 32256K, 0% used [0x00000000ee580000,0x00000000ee580000,0x00000000f0500000)
 ParOldGen       total 84992K, used 32901K [0x0000000084a00000, 0x0000000089d00000, 0x00000000d6e00000)
  object space 84992K, 38% used [0x0000000084a00000,0x0000000086a21438,0x0000000089d00000)
 Metaspace       used 8892K, capacity 9050K, committed 9344K, reserved 1056768K
  class space    used 971K, capacity 1054K, committed 1152K, reserved 1048576K
}

